Copyright 1986-2022 Xilinx, Inc. All Rights Reserved.
------------------------------------------------------------------------------------
| Tool Version : Vivado v.2022.2 (lin64) Build 3671981 Fri Oct 14 04:59:54 MDT 2022
| Date         : Mon May  1 15:56:13 2023
| Host         : archlinux running 64-bit Arch Linux
| Command      : report_control_sets -verbose -file CPU_control_sets_placed.rpt
| Design       : CPU
| Device       : xc7a35t
------------------------------------------------------------------------------------

Control Set Information

Table of Contents
-----------------
1. Summary
2. Histogram
3. Flip-Flop Distribution
4. Detailed Control Set Information

1. Summary
----------

+----------------------------------------------------------+-------+
|                          Status                          | Count |
+----------------------------------------------------------+-------+
| Total control sets                                       |    15 |
|    Minimum number of control sets                        |    15 |
|    Addition due to synthesis replication                 |     0 |
|    Addition due to physical synthesis replication        |     0 |
| Unused register locations in slices containing registers |    29 |
+----------------------------------------------------------+-------+
* Control sets can be merged at opt_design using control_set_merge or merge_equivalent_drivers
** Run report_qor_suggestions for automated merging and remapping suggestions


2. Histogram
------------

+--------------------+-------+
|       Fanout       | Count |
+--------------------+-------+
| Total control sets |    15 |
| >= 0 to < 4        |     1 |
| >= 4 to < 6        |     1 |
| >= 6 to < 8        |     0 |
| >= 8 to < 10       |     0 |
| >= 10 to < 12      |     1 |
| >= 12 to < 14      |     0 |
| >= 14 to < 16      |     1 |
| >= 16              |    11 |
+--------------------+-------+
* Control sets can be remapped at either synth_design or opt_design


3. Flip-Flop Distribution
-------------------------

+--------------+-----------------------+------------------------+-----------------+--------------+
| Clock Enable | Synchronous Set/Reset | Asynchronous Set/Reset | Total Registers | Total Slices |
+--------------+-----------------------+------------------------+-----------------+--------------+
| No           | No                    | No                     |              21 |           11 |
| No           | No                    | Yes                    |               0 |            0 |
| No           | Yes                   | No                     |               0 |            0 |
| Yes          | No                    | No                     |             202 |           84 |
| Yes          | No                    | Yes                    |               0 |            0 |
| Yes          | Yes                   | No                     |               4 |            2 |
+--------------+-----------------------+------------------------+-----------------+--------------+


4. Detailed Control Set Information
-----------------------------------

+---------------------+-----------------------------------+-------------------------------------+------------------+----------------+--------------+
|     Clock Signal    |           Enable Signal           |           Set/Reset Signal          | Slice Load Count | Bel Load Count | Bels / Slice |
+---------------------+-----------------------------------+-------------------------------------+------------------+----------------+--------------+
| ~boardclk_IBUF_BUFG |                                   |                                     |                1 |              1 |         1.00 |
| ~boardclk_IBUF_BUFG | IR/microInstructionCounter_reg[2] | IR/microInstructionCounter_reg[0]_0 |                2 |              4 |         2.00 |
|  boardclk_IBUF_BUFG | CL/loadMemoryAddress_reg_0[0]     |                                     |                2 |             10 |         5.00 |
|  boardclk_IBUF_BUFG | CL/E[0]                           |                                     |                4 |             15 |         3.75 |
|  boardclk_IBUF_BUFG | CL/RegFileWriteEnable_reg_7[0]    |                                     |                7 |             16 |         2.29 |
|  boardclk_IBUF_BUFG | CL/RegFileWriteEnable_reg_1[0]    |                                     |                5 |             16 |         3.20 |
|  boardclk_IBUF_BUFG | CL/RegFileWriteEnable_reg_2[0]    |                                     |               10 |             16 |         1.60 |
|  boardclk_IBUF_BUFG | CL/RegFileWriteEnable_reg_3[0]    |                                     |                9 |             16 |         1.78 |
|  boardclk_IBUF_BUFG | CL/RegFileWriteEnable_reg_4[0]    |                                     |                9 |             16 |         1.78 |
|  boardclk_IBUF_BUFG | CL/programCounterCountUp_reg_0    |                                     |                4 |             16 |         4.00 |
|  boardclk_IBUF_BUFG | CL/RegFileWriteEnable_reg_5[0]    |                                     |                5 |             16 |         3.20 |
|  boardclk_IBUF_BUFG | CL/RegFileWriteEnable_reg_6[0]    |                                     |                5 |             16 |         3.20 |
| ~boardclk_IBUF_BUFG | IR/microInstructionCounter_reg[2] |                                     |               11 |             17 |         1.55 |
|  boardclk_IBUF_BUFG | CL/RegFileWriteEnable_reg_0[0]    |                                     |               13 |             32 |         2.46 |
|  boardclk_IBUF_BUFG |                                   |                                     |               20 |             60 |         3.00 |
+---------------------+-----------------------------------+-------------------------------------+------------------+----------------+--------------+


